Arguments: 
  C:\opt\node-v10.6.0-win-x64\node.exe C:\opt\node-v10.6.0-win-x64\node_modules\yarn\bin\yarn.js add global service-live

PATH: 
  C:\Users\juarodriguez\Downloads\cmder\bin;C:\Users\juarodriguez\Downloads\cmder\vendor\conemu-maximus5\ConEmu\Scripts;C:\Users\juarodriguez\Downloads\cmder\vendor\conemu-maximus5;C:\Users\juarodriguez\Downloads\cmder\vendor\conemu-maximus5\ConEmu;C:\Program Files\Docker\Docker\Resources\bin;C:\ProgramData\Oracle\Java\javapath;C:\Program Files (x86)\Intel\iCLS Client\;C:\Program Files\Intel\iCLS Client\;C:\Windows\system32;C:\Windows;C:\Windows\System32\Wbem;C:\Windows\System32\WindowsPowerShell\v1.0\;C:\Program Files (x86)\Intel\Intel(R) Management Engine Components\DAL;C:\Program Files\Intel\Intel(R) Management Engine Components\DAL;C:\Program Files (x86)\Intel\Intel(R) Management Engine Components\IPT;C:\Program Files\Intel\Intel(R) Management Engine Components\IPT;C:\Program Files\Intel\WiFi\bin\;C:\Program Files\Common Files\Intel\WirelessCommon\;C:\Program Files (x86)\Skype\Phone\;C:\Users\juarodriguez\AppData\Local\Microsoft\WindowsApps;C:\opt\node-v10.6.0-win-x64;C:\Users\juarodriguez\AppData\Local\Programs\Git\cmd;C:\Users\juarodriguez\Portable Python 2.7.6.1\App;C:\Users\juarodriguez\AppData\Local\Programs\Git\mingw64;C:\Users\juarodriguez\AppData\Local\Programs\Git\usr\bin;C:\Users\juarodriguez\Downloads\cmder

Yarn version: 
  1.12.3

Node version: 
  10.6.0

Platform: 
  win32 x64

Trace: 
  Error: https://registry.yarnpkg.com/service-live: Not found
      at Request.params.callback [as _callback] (C:\opt\node-v10.6.0-win-x64\node_modules\yarn\lib\cli.js:65894:18)
      at Request.self.callback (C:\opt\node-v10.6.0-win-x64\node_modules\yarn\lib\cli.js:129018:22)
      at Request.emit (events.js:182:13)
      at Request.<anonymous> (C:\opt\node-v10.6.0-win-x64\node_modules\yarn\lib\cli.js:129990:10)
      at Request.emit (events.js:182:13)
      at IncomingMessage.<anonymous> (C:\opt\node-v10.6.0-win-x64\node_modules\yarn\lib\cli.js:129912:12)
      at Object.onceWrapper (events.js:273:13)
      at IncomingMessage.emit (events.js:187:15)
      at endReadableNT (_stream_readable.js:1081:12)
      at process._tickCallback (internal/process/next_tick.js:63:19)

npm manifest: 
  No manifest

yarn manifest: 
  No manifest

Lockfile: 
  No lockfile
